<?xml version="1.0" encoding="UTF-8"?>
<!-- Generated by org.testng.reporters.JUnitXMLReporter -->
<testsuite ignored="0" hostname="Lenovo" failures="0" tests="0" time="0.005" errors="0" timestamp="10 Nov 2019 13:01:37 GMT">
  <testcase classname="Testbase.Commonfunctions" name="@BeforeSuite launchbrowser" time="0.041">
    <failure type="java.io.FileNotFoundException" message="Config.properties (The system cannot find the file specified)">
      <![CDATA[java.io.FileNotFoundException: Config.properties (The system cannot find the file specified)
at java.base/java.io.FileInputStream.open0(Native Method)
at java.base/java.io.FileInputStream.open(FileInputStream.java:213)
at java.base/java.io.FileInputStream.<init>(FileInputStream.java:155)
at java.base/java.io.FileInputStream.<init>(FileInputStream.java:110)
at Testbase.Commonfunctions.loadPropertyFile(Commonfunctions.java:21)
at Testbase.Commonfunctions.launchbrowser(Commonfunctions.java:30)
... Removed 20 stack frames]]>
    </failure>
  </testcase> <!-- @BeforeSuite launchbrowser -->
</testsuite>
